<?xml version="1.0" encoding="UTF-8"?>
<!-- Generated by org.testng.reporters.JUnitReportReporter -->
<testsuite hostname="Vaibhav" failures="0" tests="1" name="Maven.Maven.test$AppTest" time="0.012" errors="0" timestamp="2022-09-21T21:28:42 IST" skipped="0">
  <testcase classname="Maven.Maven.test$AppTest" name="shouldAnswerWithTrue" time="0.012"/>
  <system-out/>
</testsuite> <!-- Maven.Maven.test$AppTest -->
