<?xml version="1.0" encoding="UTF-8"?>
<!-- Generated by org.testng.reporters.JUnitReportReporter -->
<testsuite skipped="0" hostname="Vaibhav" name="Maven.Maven.AppTest" tests="1" failures="0" timestamp="2022-09-21T22:41:55 IST" time="0.004" errors="0">
  <testcase name="shouldAnswerWithTrue" time="0.004" classname="Maven.Maven.AppTest"/>
  <system-out/>
</testsuite> <!-- Maven.Maven.AppTest -->
