<?xml version="1.0" encoding="UTF-8"?>
<!-- Generated by org.testng.reporters.JUnitReportReporter -->
<testsuite skipped="0" hostname="Vaibhav" name="Maven.Maven.vTest" tests="1" failures="0" timestamp="2022-09-21T22:41:44 IST" time="0.003" errors="0">
  <testcase name="test" time="0.003" classname="Maven.Maven.vTest"/>
  <system-out/>
</testsuite> <!-- Maven.Maven.vTest -->
